<?xml version="1.0" encoding="UTF-8"?>
<testng-results skipped="0" failed="0" ignored="0" total="1" passed="1">
  <reporter-output>
  </reporter-output>
  <suite name="Suite" duration-ms="34803" started-at="2020-07-23T00:09:15 IST" finished-at="2020-07-23T00:09:50 IST">
    <groups>
    </groups>
    <test name="Test" duration-ms="34803" started-at="2020-07-23T00:09:15 IST" finished-at="2020-07-23T00:09:50 IST">
      <class name="com.wordpress.testcases.LoginWordpress">
        <test-method status="PASS" signature="setup()[pri:0, instance:com.wordpress.testcases.LoginWordpress@62230c58]" name="setup" is-config="true" duration-ms="23965" started-at="2020-07-23T00:09:15 IST" finished-at="2020-07-23T00:09:39 IST">
          <reporter-output>
          </reporter-output>
        </test-method> <!-- setup -->
        <test-method status="PASS" signature="wordpressLogin()[pri:0, instance:com.wordpress.testcases.LoginWordpress@62230c58]" name="wordpressLogin" duration-ms="9060" started-at="2020-07-23T00:09:39 IST" finished-at="2020-07-23T00:09:48 IST">
          <reporter-output>
          </reporter-output>
        </test-method> <!-- wordpressLogin -->
        <test-method status="PASS" signature="tearDown()[pri:0, instance:com.wordpress.testcases.LoginWordpress@62230c58]" name="tearDown" is-config="true" duration-ms="1624" started-at="2020-07-23T00:09:48 IST" finished-at="2020-07-23T00:09:50 IST">
          <reporter-output>
          </reporter-output>
        </test-method> <!-- tearDown -->
      </class> <!-- com.wordpress.testcases.LoginWordpress -->
    </test> <!-- Test -->
  </suite> <!-- Suite -->
</testng-results>
